2024-04-29 17:29:05,105 [INFO] Activator:176 - 


2024-04-29 17:29:05,108 [INFO] Activator:177 - !SESSION log4j initialized
2024-04-29 17:29:07,586 [INFO] LogOutputStream:77 - [STDOUT_REDIRECT] 
2024-04-29 17:29:10,637 [INFO] ApplicationProperties:184 - Using Application install path: F:\Programme\STM32CubeIDE\STM32CubeIDE_1.12.1\STM32CubeIDE\plugins\com.st.stm32cube.common.mx_6.11.1.202404110753
2024-04-29 17:29:10,652 [INFO] DbMcusXml:78 - Set database path to: F:\Programme\STM32CubeIDE\STM32CubeIDE_1.12.1\STM32CubeIDE\plugins\com.st.stm32cube.common.mx_6.11.1.202404110753\\db\/mcu/
2024-04-29 17:29:10,653 [INFO] ApiDb:274 - Set plugin database path to: F:\Programme\STM32CubeIDE\STM32CubeIDE_1.12.1\STM32CubeIDE\plugins\com.st.stm32cube.common.mx_6.11.1.202404110753\\db\/plugins/boardmanager/
2024-04-29 17:29:10,653 [WARN] ApiDb:259 - Overriding images path with different value:  => F:\Programme\STM32CubeIDE\STM32CubeIDE_1.12.1\STM32CubeIDE\plugins\com.st.stm32cube.common.mx_6.11.1.202404110753\\db\/plugins/mcufinder/images/
2024-04-29 17:29:10,660 [INFO] ApiDb:250 - Set database path to: C:\Users\matth\.stmcufinder\plugins\mcufinder//mcu/
2024-04-29 17:29:10,662 [INFO] DbMcusAds:125 - Set database path to: C:\Users\matth\.stmcufinder\plugins\mcufinder//mcu/
2024-04-29 17:29:10,664 [INFO] CrossReferenceDbSqlite:203 - Set database path to: C:\Users\matth\.stmcufinder\plugins\mcufinder//mcu/cs/
2024-04-29 17:29:10,782 [INFO] RulesReader:64 - Compatibility file has been processed (297 Rules)
2024-04-29 17:29:10,873 [INFO] DbMcusXml:78 - Set database path to: F:\Programme\STM32CubeIDE\STM32CubeIDE_1.12.1\STM32CubeIDE\plugins\com.st.stm32cube.common.mx_6.11.1.202404110753\\db\/mcu/
2024-04-29 17:29:10,873 [INFO] ApiDb:274 - Set plugin database path to: F:\Programme\STM32CubeIDE\STM32CubeIDE_1.12.1\STM32CubeIDE\plugins\com.st.stm32cube.common.mx_6.11.1.202404110753\\db\/plugins/boardmanager/
2024-04-29 17:29:10,873 [INFO] ApiDb:261 - Set plugin images path to: F:\Programme\STM32CubeIDE\STM32CubeIDE_1.12.1\STM32CubeIDE\plugins\com.st.stm32cube.common.mx_6.11.1.202404110753\\db\/plugins/mcufinder/images/
2024-04-29 17:29:10,873 [WARN] DbFile:41 - Overriding database path with different value: C:\Users\matth\.stmcufinder\plugins\mcufinder/ => C:\Users\matth\.stmcufinder\plugins\mcufinder
2024-04-29 17:29:10,874 [INFO] ApiDb:250 - Set database path to: C:\Users\matth\.stmcufinder\plugins\mcufinder//mcu/
2024-04-29 17:29:10,874 [WARN] DbFile:41 - Overriding database path with different value: C:\Users\matth\.stmcufinder\plugins\mcufinder/ => C:\Users\matth\.stmcufinder\plugins\mcufinder
2024-04-29 17:29:10,874 [INFO] DbMcusAds:125 - Set database path to: C:\Users\matth\.stmcufinder\plugins\mcufinder//mcu/
2024-04-29 17:29:10,874 [WARN] DbFile:41 - Overriding database path with different value: C:\Users\matth\.stmcufinder\plugins\mcufinder/ => C:\Users\matth\.stmcufinder\plugins\mcufinder
2024-04-29 17:29:10,874 [WARN] DbFile:41 - Overriding database path with different value: C:\Users\matth\.stmcufinder\plugins\mcufinder/ => C:\Users\matth\.stmcufinder\plugins\mcufinder
2024-04-29 17:29:10,874 [INFO] CrossReferenceDbSqlite:203 - Set database path to: C:\Users\matth\.stmcufinder\plugins\mcufinder//mcu/cs/
2024-04-29 17:29:10,951 [INFO] MainPanel:264 - HeapMemory: 268435456
2024-04-29 17:29:11,020 [INFO] DbMcusXml:78 - Set database path to: F:\Programme\STM32CubeIDE\STM32CubeIDE_1.12.1\STM32CubeIDE\plugins\com.st.stm32cube.common.mx_6.11.1.202404110753\\db\/mcu/
2024-04-29 17:29:11,020 [INFO] ApiDb:274 - Set plugin database path to: F:\Programme\STM32CubeIDE\STM32CubeIDE_1.12.1\STM32CubeIDE\plugins\com.st.stm32cube.common.mx_6.11.1.202404110753\\db\/plugins/boardmanager/
2024-04-29 17:29:11,021 [INFO] ApiDb:261 - Set plugin images path to: F:\Programme\STM32CubeIDE\STM32CubeIDE_1.12.1\STM32CubeIDE\plugins\com.st.stm32cube.common.mx_6.11.1.202404110753\\db\/plugins/mcufinder/images/
2024-04-29 17:29:11,021 [WARN] DbFile:41 - Overriding database path with different value: C:\Users\matth\.stmcufinder\plugins\mcufinder/ => C:\Users\matth\.stmcufinder\plugins\mcufinder
2024-04-29 17:29:11,021 [INFO] ApiDb:250 - Set database path to: C:\Users\matth\.stmcufinder\plugins\mcufinder//mcu/
2024-04-29 17:29:11,021 [WARN] DbFile:41 - Overriding database path with different value: C:\Users\matth\.stmcufinder\plugins\mcufinder/ => C:\Users\matth\.stmcufinder\plugins\mcufinder
2024-04-29 17:29:11,022 [INFO] DbMcusAds:125 - Set database path to: C:\Users\matth\.stmcufinder\plugins\mcufinder//mcu/
2024-04-29 17:29:11,022 [WARN] DbFile:41 - Overriding database path with different value: C:\Users\matth\.stmcufinder\plugins\mcufinder/ => C:\Users\matth\.stmcufinder\plugins\mcufinder
2024-04-29 17:29:11,022 [WARN] DbFile:41 - Overriding database path with different value: C:\Users\matth\.stmcufinder\plugins\mcufinder/ => C:\Users\matth\.stmcufinder\plugins\mcufinder
2024-04-29 17:29:11,022 [INFO] CrossReferenceDbSqlite:203 - Set database path to: C:\Users\matth\.stmcufinder\plugins\mcufinder//mcu/cs/
2024-04-29 17:29:11,048 [INFO] ApplicationProperties:184 - Using Application install path: F:\Programme\STM32CubeIDE\STM32CubeIDE_1.12.1\STM32CubeIDE\plugins\com.st.stm32cube.common.mx_6.11.1.202404110753
2024-04-29 17:29:11,049 [INFO] PluginManage:196 - Search for loadable plugins [exclusion list=, ]
2024-04-29 17:29:11,050 [INFO] PluginManage:310 - Check plugin analytics
2024-04-29 17:29:11,224 [INFO] AnalyticsPlugin:253 - Accepted Software Licenses: 
2024-04-29 17:29:11,224 [INFO] AnalyticsPlugin:255 - Accepted CMSIS Pack Licenses: 
2024-04-29 17:29:11,225 [INFO] AnalyticsPlugin:257 - Accepted Firmware Licenses: 
2024-04-29 17:29:11,228 [INFO] PluginManage:359 - Loaded plugin analytics (category:tool,tabindex:-1)
2024-04-29 17:29:11,228 [INFO] PluginManage:310 - Check plugin cadmodel
2024-04-29 17:29:11,256 [INFO] CADModel:105 - Init CAD model plugin
2024-04-29 17:29:11,256 [INFO] PluginManage:359 - Loaded plugin cadmodel (category:power,tabindex:5)
2024-04-29 17:29:11,256 [INFO] PluginManage:310 - Check plugin clock
2024-04-29 17:29:11,264 [INFO] PluginManage:359 - Loaded plugin clock (category:base,tabindex:2)
2024-04-29 17:29:11,264 [INFO] PluginManage:310 - Check plugin ddr
2024-04-29 17:29:11,265 [INFO] PluginManage:359 - Loaded plugin ddr (category:tool,tabindex:6)
2024-04-29 17:29:11,265 [INFO] PluginManage:310 - Check plugin filemanager
2024-04-29 17:29:11,409 [INFO] PluginManage:359 - Loaded plugin filemanager (category:base,tabindex:10)
2024-04-29 17:29:11,410 [INFO] PluginManage:310 - Check plugin ipmanager
2024-04-29 17:29:11,417 [INFO] PluginManage:359 - Loaded plugin ipmanager (category:base,tabindex:5)
2024-04-29 17:29:11,417 [INFO] PluginManage:310 - Check plugin lpbam
2024-04-29 17:29:11,423 [INFO] PluginManage:359 - Loaded plugin lpbam (category:base,tabindex:0)
2024-04-29 17:29:11,424 [INFO] PluginManage:310 - Check plugin memorymap
2024-04-29 17:29:11,434 [INFO] PluginManage:359 - Loaded plugin memorymap (category:base,tabindex:4)
2024-04-29 17:29:11,434 [INFO] PluginManage:310 - Check plugin pinoutandconfiguration
2024-04-29 17:29:11,439 [INFO] PluginManage:359 - Loaded plugin pinoutandconfiguration (category:base,tabindex:1)
2024-04-29 17:29:11,440 [INFO] PluginManage:310 - Check plugin pinoutconfig
2024-04-29 17:29:11,568 [WARN] SupportedApi:132 - Cannot load RTOS API schema: s4s-elt-must-match.1: The content of 'definitions' must match (annotation?, (simpleType | complexType)?, (unique | key | keyref)*)). A problem was found starting at: attribute.
2024-04-29 17:29:11,704 [INFO] PluginManage:359 - Loaded plugin pinoutconfig (category:base,tabindex:0)
2024-04-29 17:29:11,704 [INFO] PluginManage:310 - Check plugin power
2024-04-29 17:29:11,711 [INFO] PluginManage:359 - Loaded plugin power (category:power,tabindex:4)
2024-04-29 17:29:11,711 [INFO] PluginManage:310 - Check plugin projectmanager
2024-04-29 17:29:11,727 [INFO] PluginManage:359 - Loaded plugin projectmanager (category:projectmanager,tabindex:3)
2024-04-29 17:29:11,727 [INFO] PluginManage:310 - Check plugin thirdparty
2024-04-29 17:29:11,863 [INFO] PluginManage:359 - Loaded plugin thirdparty (category:base,tabindex:-1)
2024-04-29 17:29:11,864 [INFO] PluginManage:310 - Check plugin tools
2024-04-29 17:29:11,865 [WARN] IntegrityCheckThread:84 - waiting for thirdparty lock release [integrity check]
2024-04-29 17:29:11,867 [INFO] IntegrityCheckThread:86 - entering critical section [integrity check]
2024-04-29 17:29:11,867 [INFO] PluginManage:359 - Loaded plugin tools (category:base,tabindex:7)
2024-04-29 17:29:11,867 [INFO] PluginManage:310 - Check plugin tutovideos
2024-04-29 17:29:11,867 [INFO] ThirdPartyUpdaterWithRetryManager:70 - Updater plugin not ready yet. [1/15]
2024-04-29 17:29:12,013 [INFO] PluginManage:359 - Loaded plugin tutovideos (category:base,tabindex:-1)
2024-04-29 17:29:12,013 [INFO] PluginManage:310 - Check plugin updater
2024-04-29 17:29:12,023 [INFO] PluginManage:359 - Loaded plugin updater (category:base,tabindex:12)
2024-04-29 17:29:12,023 [INFO] PluginManage:310 - Check plugin userauth
2024-04-29 17:29:12,028 [INFO] UserAuth:114 - Init User Auth plugin
2024-04-29 17:29:12,028 [INFO] PluginManage:359 - Loaded plugin userauth (category:base,tabindex:14)
2024-04-29 17:29:12,028 [INFO] PluginManage:283 - PluginManage : Loaded plugins [17]
2024-04-29 17:29:12,290 [INFO] PinOutPanel:1561 - setPackage(No Configuration,No Configuration)
2024-04-29 17:29:12,444 [INFO] CADModel:165 - CPN selected for project level
2024-04-29 17:29:12,444 [INFO] CADModel:114 - Register for checkConnection events
2024-04-29 17:29:12,463 [INFO] IPUIPlugin:80 - create IPUIPlugin
2024-04-29 17:29:12,463 [INFO] PluginManager:220 - loadIPPluginJar : add adc
2024-04-29 17:29:12,465 [INFO] IPUIPlugin:80 - create IPUIPlugin
2024-04-29 17:29:12,465 [INFO] PluginManager:220 - loadIPPluginJar : add aes
2024-04-29 17:29:12,468 [INFO] IPUIPlugin:80 - create IPUIPlugin
2024-04-29 17:29:12,468 [INFO] PluginManager:220 - loadIPPluginJar : add can
2024-04-29 17:29:12,470 [INFO] IPUIPlugin:80 - create IPUIPlugin
2024-04-29 17:29:12,470 [INFO] PluginManager:220 - loadIPPluginJar : add comp
2024-04-29 17:29:12,472 [INFO] IPUIPlugin:80 - create IPUIPlugin
2024-04-29 17:29:12,472 [INFO] PluginManager:220 - loadIPPluginJar : add cryp
2024-04-29 17:29:12,475 [INFO] IPUIPlugin:80 - create IPUIPlugin
2024-04-29 17:29:12,475 [INFO] PluginManager:220 - loadIPPluginJar : add dfsdm
2024-04-29 17:29:12,480 [INFO] IPUIPlugin:80 - create IPUIPlugin
2024-04-29 17:29:12,480 [INFO] PluginManager:220 - loadIPPluginJar : add dma
2024-04-29 17:29:12,483 [INFO] IPUIPlugin:80 - create IPUIPlugin
2024-04-29 17:29:12,483 [INFO] PluginManager:220 - loadIPPluginJar : add dma3
2024-04-29 17:29:12,486 [INFO] IPUIPlugin:80 - create IPUIPlugin
2024-04-29 17:29:12,486 [INFO] PluginManager:220 - loadIPPluginJar : add extmemmanager
2024-04-29 17:29:12,487 [INFO] IPUIPlugin:80 - create IPUIPlugin
2024-04-29 17:29:12,488 [INFO] PluginManager:220 - loadIPPluginJar : add fatfs
2024-04-29 17:29:12,491 [INFO] IPUIPlugin:80 - create IPUIPlugin
2024-04-29 17:29:12,491 [INFO] PluginManager:220 - loadIPPluginJar : add fmc
2024-04-29 17:29:12,499 [INFO] IPUIPlugin:80 - create IPUIPlugin
2024-04-29 17:29:12,500 [INFO] PluginManager:220 - loadIPPluginJar : add freertos
2024-04-29 17:29:12,502 [INFO] IPUIPlugin:80 - create IPUIPlugin
2024-04-29 17:29:12,502 [INFO] PluginManager:220 - loadIPPluginJar : add genericplugin
2024-04-29 17:29:12,505 [INFO] IPUIPlugin:80 - create IPUIPlugin
2024-04-29 17:29:12,506 [INFO] PluginManager:220 - loadIPPluginJar : add gfxmmu
2024-04-29 17:29:12,512 [INFO] IPUIPlugin:80 - create IPUIPlugin
2024-04-29 17:29:12,512 [INFO] PluginManager:220 - loadIPPluginJar : add gic
2024-04-29 17:29:12,519 [INFO] IPUIPlugin:80 - create IPUIPlugin
2024-04-29 17:29:12,519 [INFO] PluginManager:220 - loadIPPluginJar : add gpio
2024-04-29 17:29:12,522 [INFO] IPUIPlugin:80 - create IPUIPlugin
2024-04-29 17:29:12,522 [INFO] PluginManager:220 - loadIPPluginJar : add gtzc
2024-04-29 17:29:12,524 [INFO] IPUIPlugin:80 - create IPUIPlugin
2024-04-29 17:29:12,525 [INFO] PluginManager:220 - loadIPPluginJar : add hash
2024-04-29 17:29:12,527 [INFO] IPUIPlugin:80 - create IPUIPlugin
2024-04-29 17:29:12,528 [INFO] PluginManager:220 - loadIPPluginJar : add i2c
2024-04-29 17:29:12,530 [INFO] IPUIPlugin:80 - create IPUIPlugin
2024-04-29 17:29:12,530 [INFO] PluginManager:220 - loadIPPluginJar : add i2s
2024-04-29 17:29:12,533 [INFO] IPUIPlugin:80 - create IPUIPlugin
2024-04-29 17:29:12,533 [INFO] PluginManager:220 - loadIPPluginJar : add i3c
2024-04-29 17:29:12,538 [INFO] IPUIPlugin:80 - create IPUIPlugin
2024-04-29 17:29:12,538 [INFO] PluginManager:220 - loadIPPluginJar : add ipddr
2024-04-29 17:29:12,545 [INFO] IPUIPlugin:80 - create IPUIPlugin
2024-04-29 17:29:12,545 [INFO] PluginManager:220 - loadIPPluginJar : add linkedlist
2024-04-29 17:29:12,547 [INFO] IPUIPlugin:80 - create IPUIPlugin
2024-04-29 17:29:12,548 [INFO] PluginManager:220 - loadIPPluginJar : add lorawan
2024-04-29 17:29:12,549 [INFO] IPUIPlugin:80 - create IPUIPlugin
2024-04-29 17:29:12,549 [INFO] PluginManager:220 - loadIPPluginJar : add ltdc
2024-04-29 17:29:12,555 [INFO] IPUIPlugin:80 - create IPUIPlugin
2024-04-29 17:29:12,556 [INFO] PluginManager:220 - loadIPPluginJar : add mdma
2024-04-29 17:29:12,559 [INFO] IPUIPlugin:80 - create IPUIPlugin
2024-04-29 17:29:12,559 [INFO] PluginManager:220 - loadIPPluginJar : add nvic
2024-04-29 17:29:12,562 [INFO] IPUIPlugin:80 - create IPUIPlugin
2024-04-29 17:29:12,562 [INFO] PluginManager:220 - loadIPPluginJar : add opamp
2024-04-29 17:29:12,565 [INFO] IPUIPlugin:80 - create IPUIPlugin
2024-04-29 17:29:12,566 [INFO] PluginManager:220 - loadIPPluginJar : add openamp
2024-04-29 17:29:12,569 [INFO] IPUIPlugin:80 - create IPUIPlugin
2024-04-29 17:29:12,569 [INFO] PluginManager:220 - loadIPPluginJar : add pdm2pcm
2024-04-29 17:29:12,574 [INFO] IPUIPlugin:80 - create IPUIPlugin
2024-04-29 17:29:12,576 [INFO] PluginManager:220 - loadIPPluginJar : add plateformsettings
2024-04-29 17:29:12,578 [INFO] IPUIPlugin:80 - create IPUIPlugin
2024-04-29 17:29:12,579 [INFO] PluginManager:220 - loadIPPluginJar : add quadspi
2024-04-29 17:29:12,581 [INFO] IPUIPlugin:80 - create IPUIPlugin
2024-04-29 17:29:12,582 [INFO] PluginManager:220 - loadIPPluginJar : add resmgrutility
2024-04-29 17:29:12,584 [INFO] IPUIPlugin:80 - create IPUIPlugin
2024-04-29 17:29:12,584 [INFO] PluginManager:220 - loadIPPluginJar : add sai
2024-04-29 17:29:12,586 [INFO] IPUIPlugin:80 - create IPUIPlugin
2024-04-29 17:29:12,586 [INFO] PluginManager:220 - loadIPPluginJar : add spi
2024-04-29 17:29:12,589 [INFO] IPUIPlugin:80 - create IPUIPlugin
2024-04-29 17:29:12,589 [INFO] PluginManager:220 - loadIPPluginJar : add stm32_wpan
2024-04-29 17:29:12,591 [INFO] IPUIPlugin:80 - create IPUIPlugin
2024-04-29 17:29:12,591 [INFO] PluginManager:220 - loadIPPluginJar : add tim
2024-04-29 17:29:12,594 [INFO] IPUIPlugin:80 - create IPUIPlugin
2024-04-29 17:29:12,594 [INFO] PluginManager:220 - loadIPPluginJar : add touchsensing
2024-04-29 17:29:12,596 [INFO] IPUIPlugin:80 - create IPUIPlugin
2024-04-29 17:29:12,596 [INFO] PluginManager:220 - loadIPPluginJar : add tracer_emb
2024-04-29 17:29:12,598 [INFO] IPUIPlugin:80 - create IPUIPlugin
2024-04-29 17:29:12,598 [INFO] PluginManager:220 - loadIPPluginJar : add ts
2024-04-29 17:29:12,600 [INFO] IPUIPlugin:80 - create IPUIPlugin
2024-04-29 17:29:12,600 [INFO] PluginManager:220 - loadIPPluginJar : add tsc
2024-04-29 17:29:12,602 [INFO] IPUIPlugin:80 - create IPUIPlugin
2024-04-29 17:29:12,602 [INFO] PluginManager:220 - loadIPPluginJar : add ucpd
2024-04-29 17:29:12,604 [INFO] IPUIPlugin:80 - create IPUIPlugin
2024-04-29 17:29:12,604 [INFO] PluginManager:220 - loadIPPluginJar : add usart
2024-04-29 17:29:12,607 [INFO] IPUIPlugin:80 - create IPUIPlugin
2024-04-29 17:29:12,607 [INFO] PluginManager:220 - loadIPPluginJar : add usbx
2024-04-29 17:29:12,815 [INFO] CADModel:165 - CPN selected for project level
2024-04-29 17:29:12,815 [INFO] CADModel:114 - Register for checkConnection events
2024-04-29 17:29:12,815 [FATAL] Updater:308 - Updater called before beeing initialized
2024-04-29 17:29:12,815 [ERROR] CADModel:125 - Updater not yet initialized, retry later 
2024-04-29 17:29:12,988 [INFO] CADModel:165 - CPN selected for project level
2024-04-29 17:29:12,988 [INFO] CADModel:114 - Register for checkConnection events
2024-04-29 17:29:12,989 [FATAL] Updater:308 - Updater called before beeing initialized
2024-04-29 17:29:12,989 [ERROR] CADModel:125 - Updater not yet initialized, retry later 
2024-04-29 17:29:12,991 [FATAL] Updater:308 - Updater called before beeing initialized
2024-04-29 17:29:13,169 [FATAL] Updater:308 - Updater called before beeing initialized
2024-04-29 17:29:13,173 [INFO] DbMcusAds:53 - JSON generation date=Wed Nov 29 11:52:27 CET 2023 (1701255147349)
2024-04-29 17:29:13,173 [FATAL] Updater:308 - Updater called before beeing initialized
2024-04-29 17:29:13,218 [WARN] DetailPanel:346 - Failed to get advertising image, set to default
2024-04-29 17:29:13,408 [FATAL] Updater:308 - Updater called before beeing initialized
2024-04-29 17:29:13,409 [FATAL] Updater:308 - Updater called before beeing initialized
2024-04-29 17:29:13,409 [FATAL] Updater:308 - Updater called before beeing initialized
2024-04-29 17:29:13,409 [WARN] DetailPanel:346 - Failed to get advertising image, set to default
2024-04-29 17:29:13,410 [FATAL] Updater:308 - Updater called before beeing initialized
2024-04-29 17:29:13,462 [ERROR] Updater:1120 - MainUpdater not yet initialized. External WinMGr cannot be set.
2024-04-29 17:29:13,464 [INFO] Updater:1056 - Updater Version found : 6.11.1
2024-04-29 17:29:13,479 [INFO] ApplicationProperties:184 - Using Application install path: F:\Programme\STM32CubeIDE\STM32CubeIDE_1.12.1\STM32CubeIDE\plugins\com.st.stm32cube.common.mx_6.11.1.202404110753
2024-04-29 17:29:13,788 [INFO] MainUpdater:2873 - connection check result : 10
2024-04-29 17:29:13,804 [INFO] MainUpdater:290 - Updater Check For Update Now.
2024-04-29 17:29:13,804 [INFO] MicroXplorer:498 - Change Database Version : DB.6.0.111
2024-04-29 17:29:13,810 [INFO] McuFinderGlobals:63 - Set McuFinder mode to 2 (CubeIDE integrated)
2024-04-29 17:29:13,815 [INFO] UserAuth:415 - Internet connection configuration mode: 1
2024-04-29 17:29:13,831 [INFO] JxBrowserEngine:152 - Initiate JxBrowser Engine with user profile folder
2024-04-29 17:29:14,004 [INFO] CheckServerUpdateThread:120 - End of CheckServer Thread
2024-04-29 17:29:14,529 [INFO] WebApp:161 - Instantiating new browser for Auth
2024-04-29 17:29:15,302 [WARN] PackLoader:240 - Cannot read IP mode file for STMicroelectronics.FP-SNS-MOTENVWB1.1.4.0
2024-04-29 17:29:15,319 [WARN] PackLoader:240 - Cannot read IP mode file for STMicroelectronics.X-CUBE-SMBUS.2.1.0
2024-04-29 17:29:15,328 [WARN] PackLoader:240 - Cannot read IP mode file for STMicroelectronics.X-CUBE-TOUCHGFX.4.23.1
2024-04-29 17:29:15,340 [WARN] PackLoader:240 - Cannot read IP mode file for STMicroelectronics.X-CUBE-TOUCHGFX.4.23.2
2024-04-29 17:29:15,390 [WARN] PackLoader:240 - Cannot read IP mode file for STMicroelectronics.X-CUBE-AZRTOS-F7.1.1.0
2024-04-29 17:29:15,391 [INFO] WebApp:779 - Register for checkConnection events
2024-04-29 17:29:15,391 [INFO] WebApp:414 - Apply proxy settings
2024-04-29 17:29:15,391 [INFO] WebApp:499 - Chromium requires no authentication
2024-04-29 17:29:15,403 [INFO] WebApp:442 - Direct internet connection detected
2024-04-29 17:29:15,408 [ERROR] RealEvaluatedCondition:428 - Found unsupported composite condition: CLASS='Data Exchange' GROUP='STM32_MetaDataManager'
2024-04-29 17:29:15,408 [ERROR] RealEvaluatedCondition:428 - Found unsupported composite condition: GROUP='STM32_MetaDataManager' CLASS='Data Exchange'
2024-04-29 17:29:15,412 [WARN] PackLoader:240 - Cannot read IP mode file for STMicroelectronics.FP-SNS-MOTENV1.4.3.0
2024-04-29 17:29:15,434 [WARN] PackLoader:240 - Cannot read IP mode file for STMicroelectronics.FP-SNS-MOTENV1.4.3.2
2024-04-29 17:29:15,442 [WARN] PackLoader:240 - Cannot read IP mode file for STMicroelectronics.FP-SNS-FLIGHT1.5.0.0
2024-04-29 17:29:15,447 [ERROR] RealEvaluatedCondition:428 - Found unsupported composite condition: GROUP='STM32_MetaDataManager' CLASS='Data Exchange'
2024-04-29 17:29:15,447 [ERROR] RealEvaluatedCondition:428 - Found unsupported composite condition: GROUP='STM32_MetaDataManager' CLASS='Data Exchange'
2024-04-29 17:29:15,450 [WARN] PackLoader:240 - Cannot read IP mode file for STMicroelectronics.FP-SNS-MOTENV1.4.3.1
2024-04-29 17:29:15,458 [WARN] PackLoader:240 - Cannot read IP mode file for STMicroelectronics.FP-SNS-FLIGHT1.5.0.1
2024-04-29 17:29:15,469 [WARN] PackLoader:240 - Cannot read IP mode file for STMicroelectronics.X-CUBE-BLE1.6.2.4
2024-04-29 17:29:15,480 [WARN] PackLoader:240 - Cannot read IP mode file for STMicroelectronics.FP-SNS-FLIGHT1.5.0.2
2024-04-29 17:29:15,491 [WARN] PackLoader:240 - Cannot read IP mode file for STMicroelectronics.X-CUBE-DISPLAY.3.0.0
2024-04-29 17:29:15,504 [WARN] PackLoader:240 - Cannot read IP mode file for STMicroelectronics.X-CUBE-BLE1.7.0.0
2024-04-29 17:29:15,527 [WARN] PackLoader:240 - Cannot read IP mode file for emotas.I-CUBE-CANOPEN.1.3.0
2024-04-29 17:29:15,534 [WARN] PackLoader:240 - Cannot read IP mode file for STMicroelectronics.X-CUBE-TOUCHGFX.4.22.0
2024-04-29 17:29:15,537 [WARN] PackLoader:240 - Cannot read IP mode file for STMicroelectronics.X-CUBE-TOUCHGFX.4.22.1
2024-04-29 17:29:15,570 [WARN] PackLoader:240 - Cannot read IP mode file for STMicroelectronics.X-CUBE-BLEMGR.3.1.0
2024-04-29 17:29:15,593 [WARN] PackLoader:240 - Cannot read IP mode file for STMicroelectronics.FP-SNS-SMARTAG2.1.2.0
2024-04-29 17:29:15,607 [INFO] LogOutputStream:77 - [STDOUT_REDIRECT] 1 : Invalid condition id : UX_CORESTACK_Condition cause : null
2024-04-29 17:29:15,608 [INFO] LogOutputStream:77 - [STDOUT_REDIRECT] 1 : Invalid condition id : UX_CORESTACK_Condition cause : null
2024-04-29 17:29:15,610 [INFO] LogOutputStream:77 - [STDOUT_REDIRECT] 1 : Invalid condition id : UX_CORESTACK_Condition cause : null
2024-04-29 17:29:15,612 [INFO] LogOutputStream:77 - [STDOUT_REDIRECT] 1 : Invalid condition id : UX_CORESTACK_Condition cause : null
2024-04-29 17:29:15,613 [INFO] LogOutputStream:77 - [STDOUT_REDIRECT] 1 : Invalid condition id : UX_CORESTACK_Condition cause : null
2024-04-29 17:29:15,619 [WARN] PackLoader:240 - Cannot read IP mode file for STMicroelectronics.X-CUBE-AZRTOS-WL.2.0.0
2024-04-29 17:29:15,627 [WARN] PackLoader:240 - Cannot read IP mode file for STMicroelectronics.FP-SNS-MOTENV1.5.0.0
2024-04-29 17:29:15,643 [WARN] PackLoader:240 - Cannot read IP mode file for WES.I-CUBE-Cesium.1.3.0
2024-04-29 17:29:15,650 [WARN] PackLoader:240 - Cannot read IP mode file for STMicroelectronics.X-CUBE-BLE2.3.3.0
2024-04-29 17:29:15,657 [WARN] PackLoader:240 - Cannot read IP mode file for STMicroelectronics.X-CUBE-TCPP.4.1.0
2024-04-29 17:29:15,663 [WARN] PackLoader:240 - Cannot read IP mode file for STMicroelectronics.X-CUBE-TOUCHGFX.4.21.3
2024-04-29 17:29:15,667 [WARN] PackLoader:240 - Cannot read IP mode file for STMicroelectronics.X-CUBE-TOUCHGFX.4.21.4
2024-04-29 17:29:15,675 [WARN] PackLoader:240 - Cannot read IP mode file for STMicroelectronics.X-CUBE-ALGOBUILD.1.3.0
2024-04-29 17:29:15,697 [WARN] PackLoader:240 - Cannot read IP mode file for STMicroelectronics.X-CUBE-AZRTOS-G0.1.1.0
2024-04-29 17:29:15,708 [WARN] PackLoader:240 - Cannot read IP mode file for STMicroelectronics.X-CUBE-SAFEA1.1.2.2
2024-04-29 17:29:15,715 [WARN] PackLoader:240 - Cannot read IP mode file for STMicroelectronics.X-CUBE-NFC4.3.0.0
2024-04-29 17:29:15,725 [WARN] PackLoader:240 - Cannot read IP mode file for STMicroelectronics.X-CUBE-BLEMGR.3.0.0
2024-04-29 17:29:15,731 [WARN] PackLoader:240 - Cannot read IP mode file for wolfSSL.I-CUBE-wolfSSL.5.7.0
2024-04-29 17:29:15,735 [WARN] PackLoader:240 - Cannot read IP mode file for STMicroelectronics.FP-ATR-SIGFOX1.3.2.0
2024-04-29 17:29:15,751 [WARN] PackLoader:240 - Cannot read IP mode file for STMicroelectronics.X-CUBE-EEPRMA1.5.1.0
2024-04-29 17:29:15,761 [WARN] PackLoader:240 - Cannot read IP mode file for ITTIA_DB.I-CUBE-ITTIADB.8.9.0
2024-04-29 17:29:15,804 [WARN] PackLoader:240 - Cannot read IP mode file for SEGGER.I-CUBE-embOS.1.3.1
2024-04-29 17:29:15,822 [INFO] WebApp:192 - Starting web application
2024-04-29 17:29:15,822 [INFO] WebApp:544 - Web application path used F:\Programme\STM32CubeIDE\STM32CubeIDE_1.12.1\STM32CubeIDE\plugins\com.st.stm32cube.common.mx_6.11.1.202404110753\db\plugins\mcufinder\reactClient1\index.html
2024-04-29 17:29:15,866 [WARN] PackLoader:240 - Cannot read IP mode file for STMicroelectronics.X-CUBE-GNSS1.6.0.0
2024-04-29 17:29:15,887 [WARN] PackLoader:240 - Cannot read IP mode file for STMicroelectronics.X-CUBE-AZRTOS-F4.1.1.0
2024-04-29 17:29:15,894 [WARN] PackLoader:240 - Cannot read IP mode file for wolfSSL.I-CUBE-wolfSSL.5.6.0
2024-04-29 17:29:15,902 [WARN] PackLoader:240 - Cannot read IP mode file for STMicroelectronics.X-CUBE-FREERTOS.1.2.0
2024-04-29 17:29:15,928 [WARN] PackLoader:240 - Cannot read IP mode file for STMicroelectronics.X-CUBE-AZRTOS-L5.2.0.0
2024-04-29 17:29:15,981 [WARN] PackLoader:240 - Cannot read IP mode file for STMicroelectronics.X-CUBE-MEMS1.9.6.0
2024-04-29 17:29:16,201 [WARN] PackLoader:240 - Cannot read IP mode file for STMicroelectronics.X-CUBE-EEPRMA1.4.2.0
2024-04-29 17:29:16,209 [WARN] PackLoader:240 - Cannot read IP mode file for STMicroelectronics.X-CUBE-NFC6.3.1.0
2024-04-29 17:29:16,215 [WARN] PackLoader:240 - Cannot read IP mode file for ITTIA_DB.I-CUBE-ITTIADB.8.8.0
2024-04-29 17:29:16,221 [WARN] PackLoader:240 - Cannot read IP mode file for emotas.I-CUBE-CANOPEN.1.1.3
2024-04-29 17:29:16,228 [WARN] PackLoader:240 - Cannot read IP mode file for STMicroelectronics.X-CUBE-BLEMGR.2.0.0
2024-04-29 17:29:16,234 [WARN] PackLoader:240 - Cannot read IP mode file for STMicroelectronics.X-CUBE-AI.9.0.0
2024-04-29 17:29:16,253 [WARN] ConditionMgr:438 - getConditionDescription Invalid condition id : UX DEVICE CLASS RTOS Condition cause : null
2024-04-29 17:29:16,254 [WARN] ConditionMgr:438 - getConditionDescription Invalid condition id : UX DEVICE CLASS RTOS Condition cause : null
2024-04-29 17:29:16,257 [WARN] PackLoader:240 - Cannot read IP mode file for STMicroelectronics.X-CUBE-AZRTOS-H7.3.1.0
2024-04-29 17:29:16,258 [WARN] ConditionMgr:1039 - genDependencies : Invalid condition id : UX DEVICE CLASS RTOS Condition cause : null
2024-04-29 17:29:16,259 [WARN] ConditionMgr:1039 - genDependencies : Invalid condition id : UX DEVICE CLASS RTOS Condition cause : null
2024-04-29 17:29:16,259 [WARN] ConditionMgr:1039 - genDependencies : Invalid condition id : UX DEVICE CLASS RTOS Condition cause : null
2024-04-29 17:29:16,260 [WARN] ConditionMgr:1039 - genDependencies : Invalid condition id : UX DEVICE CLASS RTOS Condition cause : null
2024-04-29 17:29:16,260 [WARN] ConditionMgr:1039 - genDependencies : Invalid condition id : UX DEVICE CLASS RTOS Condition cause : null
2024-04-29 17:29:16,268 [WARN] PackLoader:240 - Cannot read IP mode file for STMicroelectronics.X-CUBE-NFC7.1.0.1
2024-04-29 17:29:16,273 [WARN] PackLoader:240 - Cannot read IP mode file for STMicroelectronics.X-CUBE-NFC7.1.0.0
2024-04-29 17:29:16,281 [WARN] PackLoader:240 - Cannot read IP mode file for STMicroelectronics.X-CUBE-NFC6.3.0.0
2024-04-29 17:29:16,289 [WARN] PackLoader:240 - Cannot read IP mode file for STMicroelectronics.X-CUBE-EEPRMA1.4.1.0
2024-04-29 17:29:16,294 [WARN] PackLoader:240 - Cannot read IP mode file for STMicroelectronics.X-CUBE-AI.8.1.0
2024-04-29 17:29:16,315 [WARN] ConditionMgr:438 - getConditionDescription Invalid condition id : LAN8742 Phy interface Condition cause : null
2024-04-29 17:29:16,316 [WARN] PackLoader:240 - Cannot read IP mode file for STMicroelectronics.X-CUBE-AZRTOS-L4.2.0.0
2024-04-29 17:29:16,317 [WARN] ConditionMgr:1039 - genDependencies : Invalid condition id : LAN8742 Phy interface Condition cause : null
2024-04-29 17:29:16,317 [WARN] ConditionMgr:1039 - genDependencies : Invalid condition id : LAN8742 Phy interface Condition cause : null
2024-04-29 17:29:16,317 [WARN] ConditionMgr:1039 - genDependencies : Invalid condition id : LAN8742 Phy interface Condition cause : null
2024-04-29 17:29:16,325 [WARN] PackLoader:240 - Cannot read IP mode file for STMicroelectronics.X-CUBE-SFXS2LP1.4.0.0
2024-04-29 17:29:16,332 [WARN] PackLoader:240 - Cannot read IP mode file for STMicroelectronics.X-CUBE-ISPU.1.1.0
2024-04-29 17:29:16,336 [WARN] PackLoader:240 - Cannot read IP mode file for STMicroelectronics.X-CUBE-AI.8.0.0
2024-04-29 17:29:16,357 [WARN] ConditionMgr:438 - getConditionDescription Invalid condition id : UX DEVICE CLASS RTOS Condition cause : null
2024-04-29 17:29:16,357 [WARN] ConditionMgr:438 - getConditionDescription Invalid condition id : UX DEVICE CLASS RTOS Condition cause : null
2024-04-29 17:29:16,360 [WARN] PackLoader:240 - Cannot read IP mode file for STMicroelectronics.X-CUBE-AZRTOS-WB.2.0.0
2024-04-29 17:29:16,361 [WARN] ConditionMgr:1039 - genDependencies : Invalid condition id : UX DEVICE CLASS RTOS Condition cause : null
2024-04-29 17:29:16,361 [WARN] ConditionMgr:1039 - genDependencies : Invalid condition id : UX DEVICE CLASS RTOS Condition cause : null
2024-04-29 17:29:16,361 [WARN] ConditionMgr:1039 - genDependencies : Invalid condition id : UX DEVICE CLASS RTOS Condition cause : null
2024-04-29 17:29:16,362 [WARN] ConditionMgr:1039 - genDependencies : Invalid condition id : UX DEVICE CLASS RTOS Condition cause : null
2024-04-29 17:29:16,362 [WARN] ConditionMgr:1039 - genDependencies : Invalid condition id : UX DEVICE CLASS RTOS Condition cause : null
2024-04-29 17:29:16,369 [WARN] PackLoader:240 - Cannot read IP mode file for STMicroelectronics.X-CUBE-FREERTOS.1.0.1
2024-04-29 17:29:16,387 [WARN] PackLoader:240 - Cannot read IP mode file for STMicroelectronics.X-CUBE-AZRTOS-L5.1.1.0
2024-04-29 17:29:16,393 [WARN] PackLoader:240 - Cannot read IP mode file for STMicroelectronics.X-CUBE-AI.8.0.1
2024-04-29 17:29:16,407 [WARN] PackLoader:240 - Cannot read IP mode file for STMicroelectronics.X-CUBE-SUBG2.5.0.0
2024-04-29 17:29:16,586 [WARN] PackLoader:240 - Cannot read IP mode file for STMicroelectronics.X-CUBE-TOF1.3.3.1
2024-04-29 17:29:16,610 [WARN] PackLoader:240 - Cannot read IP mode file for STMicroelectronics.X-CUBE-AZRTOS-G4.2.0.0
2024-04-29 17:29:16,622 [WARN] PackLoader:240 - Cannot read IP mode file for STMicroelectronics.X-CUBE-TOF1.3.3.0
2024-04-29 17:29:16,642 [WARN] PackLoader:240 - Cannot read IP mode file for Infineon.AIROC-Wi-Fi-Bluetooth-STM32.1.5.1
2024-04-29 17:29:16,649 [WARN] PackLoader:240 - Cannot read IP mode file for STMicroelectronics.FP-SNS-MOTENVWB1.1.3.0
2024-04-29 17:29:16,653 [WARN] PackLoader:240 - Cannot read IP mode file for STMicroelectronics.FP-SNS-MOTENVWB1.1.3.1
2024-04-29 17:29:16,672 [WARN] PackLoader:240 - Cannot read IP mode file for STMicroelectronics.X-CUBE-AZRTOS-L4.1.0.0
2024-04-29 17:29:16,679 [WARN] PackLoader:240 - Cannot read IP mode file for STMicroelectronics.X-CUBE-ISPU.2.0.0
2024-04-29 17:29:16,727 [WARN] PackLoader:240 - Cannot read IP mode file for STMicroelectronics.X-CUBE-MEMS1.10.0.0
2024-04-29 17:29:16,840 [WARN] PackLoader:240 - Cannot read IP mode file for STMicroelectronics.X-CUBE-FREERTOS.1.1.0
2024-04-29 17:29:16,852 [WARN] PackLoader:240 - Cannot read IP mode file for STMicroelectronics.X-CUBE-AZRTOS-WL.1.0.0
2024-04-29 17:29:16,859 [WARN] PackLoader:240 - Cannot read IP mode file for portGmbH.I-Cube-SoM-uGOAL.1.1.0
2024-04-29 17:29:16,866 [WARN] PackLoader:240 - Cannot read IP mode file for STMicroelectronics.X-CUBE-ALS.1.0.1
2024-04-29 17:29:16,879 [WARN] PackLoader:240 - Cannot read IP mode file for STMicroelectronics.X-CUBE-AZRTOS-WB.1.1.0
2024-04-29 17:29:16,905 [WARN] PackLoader:240 - Cannot read IP mode file for STMicroelectronics.X-CUBE-AZRTOS-H7RS.1.0.0
2024-04-29 17:29:16,914 [WARN] PackLoader:240 - Cannot read IP mode file for STMicroelectronics.FP-ATR-ASTRA1.2.0.0
2024-04-29 17:29:16,928 [WARN] PackLoader:240 - Cannot read IP mode file for STMicroelectronics.X-CUBE-TOF1.3.4.1
2024-04-29 17:29:16,972 [WARN] PackLoader:240 - Cannot read IP mode file for STMicroelectronics.X-CUBE-AZRTOS-H7.3.2.0
2024-04-29 17:29:16,991 [WARN] PackLoader:240 - Cannot read IP mode file for Infineon.AIROC-Wi-Fi-Bluetooth-STM32.1.6.0
2024-04-29 17:29:16,996 [INFO] ThirdParty:978 - Integrity check success = true
2024-04-29 17:29:16,996 [INFO] IntegrityCheckThread:100 - exiting critical section [integrity check]
2024-04-29 17:29:16,996 [INFO] IntegrityCheckThread:103 - End integrity checks thread
2024-04-29 17:34:32,776 [ERROR] LogOutputStream:75 - [STDERR_REDIRECT] 
2024-04-29 17:34:44,689 [INFO] Activator:176 - 


2024-04-29 17:34:44,691 [INFO] Activator:177 - !SESSION log4j initialized
2024-04-29 17:34:48,262 [INFO] LogOutputStream:77 - [STDOUT_REDIRECT] 
2024-04-29 17:35:08,718 [INFO] ApplicationProperties:184 - Using Application install path: F:\Programme\STM32CubeIDE\STM32CubeIDE_1.12.1\STM32CubeIDE\plugins\com.st.stm32cube.common.mx_6.11.1.202404110753
2024-04-29 17:35:08,732 [INFO] DbMcusXml:78 - Set database path to: F:\Programme\STM32CubeIDE\STM32CubeIDE_1.12.1\STM32CubeIDE\plugins\com.st.stm32cube.common.mx_6.11.1.202404110753\\db\/mcu/
2024-04-29 17:35:08,732 [INFO] ApiDb:274 - Set plugin database path to: F:\Programme\STM32CubeIDE\STM32CubeIDE_1.12.1\STM32CubeIDE\plugins\com.st.stm32cube.common.mx_6.11.1.202404110753\\db\/plugins/boardmanager/
2024-04-29 17:35:08,732 [WARN] ApiDb:259 - Overriding images path with different value:  => F:\Programme\STM32CubeIDE\STM32CubeIDE_1.12.1\STM32CubeIDE\plugins\com.st.stm32cube.common.mx_6.11.1.202404110753\\db\/plugins/mcufinder/images/
2024-04-29 17:35:08,737 [INFO] ApiDb:250 - Set database path to: C:\Users\matth\.stmcufinder\plugins\mcufinder//mcu/
2024-04-29 17:35:08,738 [INFO] DbMcusAds:125 - Set database path to: C:\Users\matth\.stmcufinder\plugins\mcufinder//mcu/
2024-04-29 17:35:08,742 [INFO] CrossReferenceDbSqlite:203 - Set database path to: C:\Users\matth\.stmcufinder\plugins\mcufinder//mcu/cs/
2024-04-29 17:35:08,823 [INFO] RulesReader:64 - Compatibility file has been processed (297 Rules)
2024-04-29 17:35:08,907 [INFO] DbMcusXml:78 - Set database path to: F:\Programme\STM32CubeIDE\STM32CubeIDE_1.12.1\STM32CubeIDE\plugins\com.st.stm32cube.common.mx_6.11.1.202404110753\\db\/mcu/
2024-04-29 17:35:08,907 [INFO] ApiDb:274 - Set plugin database path to: F:\Programme\STM32CubeIDE\STM32CubeIDE_1.12.1\STM32CubeIDE\plugins\com.st.stm32cube.common.mx_6.11.1.202404110753\\db\/plugins/boardmanager/
2024-04-29 17:35:08,907 [INFO] ApiDb:261 - Set plugin images path to: F:\Programme\STM32CubeIDE\STM32CubeIDE_1.12.1\STM32CubeIDE\plugins\com.st.stm32cube.common.mx_6.11.1.202404110753\\db\/plugins/mcufinder/images/
2024-04-29 17:35:08,907 [WARN] DbFile:41 - Overriding database path with different value: C:\Users\matth\.stmcufinder\plugins\mcufinder/ => C:\Users\matth\.stmcufinder\plugins\mcufinder
2024-04-29 17:35:08,908 [INFO] ApiDb:250 - Set database path to: C:\Users\matth\.stmcufinder\plugins\mcufinder//mcu/
2024-04-29 17:35:08,908 [WARN] DbFile:41 - Overriding database path with different value: C:\Users\matth\.stmcufinder\plugins\mcufinder/ => C:\Users\matth\.stmcufinder\plugins\mcufinder
2024-04-29 17:35:08,908 [INFO] DbMcusAds:125 - Set database path to: C:\Users\matth\.stmcufinder\plugins\mcufinder//mcu/
2024-04-29 17:35:08,908 [WARN] DbFile:41 - Overriding database path with different value: C:\Users\matth\.stmcufinder\plugins\mcufinder/ => C:\Users\matth\.stmcufinder\plugins\mcufinder
2024-04-29 17:35:08,908 [WARN] DbFile:41 - Overriding database path with different value: C:\Users\matth\.stmcufinder\plugins\mcufinder/ => C:\Users\matth\.stmcufinder\plugins\mcufinder
2024-04-29 17:35:08,908 [INFO] CrossReferenceDbSqlite:203 - Set database path to: C:\Users\matth\.stmcufinder\plugins\mcufinder//mcu/cs/
2024-04-29 17:35:08,975 [INFO] MainPanel:264 - HeapMemory: 268435456
2024-04-29 17:35:09,031 [INFO] DbMcusXml:78 - Set database path to: F:\Programme\STM32CubeIDE\STM32CubeIDE_1.12.1\STM32CubeIDE\plugins\com.st.stm32cube.common.mx_6.11.1.202404110753\\db\/mcu/
2024-04-29 17:35:09,031 [INFO] ApiDb:274 - Set plugin database path to: F:\Programme\STM32CubeIDE\STM32CubeIDE_1.12.1\STM32CubeIDE\plugins\com.st.stm32cube.common.mx_6.11.1.202404110753\\db\/plugins/boardmanager/
2024-04-29 17:35:09,031 [INFO] ApiDb:261 - Set plugin images path to: F:\Programme\STM32CubeIDE\STM32CubeIDE_1.12.1\STM32CubeIDE\plugins\com.st.stm32cube.common.mx_6.11.1.202404110753\\db\/plugins/mcufinder/images/
2024-04-29 17:35:09,032 [WARN] DbFile:41 - Overriding database path with different value: C:\Users\matth\.stmcufinder\plugins\mcufinder/ => C:\Users\matth\.stmcufinder\plugins\mcufinder
2024-04-29 17:35:09,032 [INFO] ApiDb:250 - Set database path to: C:\Users\matth\.stmcufinder\plugins\mcufinder//mcu/
2024-04-29 17:35:09,032 [WARN] DbFile:41 - Overriding database path with different value: C:\Users\matth\.stmcufinder\plugins\mcufinder/ => C:\Users\matth\.stmcufinder\plugins\mcufinder
2024-04-29 17:35:09,032 [INFO] DbMcusAds:125 - Set database path to: C:\Users\matth\.stmcufinder\plugins\mcufinder//mcu/
2024-04-29 17:35:09,032 [WARN] DbFile:41 - Overriding database path with different value: C:\Users\matth\.stmcufinder\plugins\mcufinder/ => C:\Users\matth\.stmcufinder\plugins\mcufinder
2024-04-29 17:35:09,032 [WARN] DbFile:41 - Overriding database path with different value: C:\Users\matth\.stmcufinder\plugins\mcufinder/ => C:\Users\matth\.stmcufinder\plugins\mcufinder
2024-04-29 17:35:09,032 [INFO] CrossReferenceDbSqlite:203 - Set database path to: C:\Users\matth\.stmcufinder\plugins\mcufinder//mcu/cs/
2024-04-29 17:35:09,046 [INFO] ApplicationProperties:184 - Using Application install path: F:\Programme\STM32CubeIDE\STM32CubeIDE_1.12.1\STM32CubeIDE\plugins\com.st.stm32cube.common.mx_6.11.1.202404110753
2024-04-29 17:35:09,047 [INFO] PluginManage:196 - Search for loadable plugins [exclusion list=, ]
2024-04-29 17:35:09,048 [INFO] PluginManage:310 - Check plugin analytics
2024-04-29 17:35:09,228 [INFO] AnalyticsPlugin:253 - Accepted Software Licenses: 
2024-04-29 17:35:09,228 [INFO] AnalyticsPlugin:255 - Accepted CMSIS Pack Licenses: 
2024-04-29 17:35:09,228 [INFO] AnalyticsPlugin:257 - Accepted Firmware Licenses: 
2024-04-29 17:35:09,231 [INFO] PluginManage:359 - Loaded plugin analytics (category:tool,tabindex:-1)
2024-04-29 17:35:09,231 [INFO] PluginManage:310 - Check plugin cadmodel
2024-04-29 17:35:09,256 [INFO] CADModel:105 - Init CAD model plugin
2024-04-29 17:35:09,256 [INFO] PluginManage:359 - Loaded plugin cadmodel (category:power,tabindex:5)
2024-04-29 17:35:09,256 [INFO] PluginManage:310 - Check plugin clock
2024-04-29 17:35:09,263 [INFO] PluginManage:359 - Loaded plugin clock (category:base,tabindex:2)
2024-04-29 17:35:09,263 [INFO] PluginManage:310 - Check plugin ddr
2024-04-29 17:35:09,264 [INFO] PluginManage:359 - Loaded plugin ddr (category:tool,tabindex:6)
2024-04-29 17:35:09,264 [INFO] PluginManage:310 - Check plugin filemanager
2024-04-29 17:35:09,381 [INFO] PluginManage:359 - Loaded plugin filemanager (category:base,tabindex:10)
2024-04-29 17:35:09,382 [INFO] PluginManage:310 - Check plugin ipmanager
2024-04-29 17:35:09,388 [INFO] PluginManage:359 - Loaded plugin ipmanager (category:base,tabindex:5)
2024-04-29 17:35:09,388 [INFO] PluginManage:310 - Check plugin lpbam
2024-04-29 17:35:09,394 [INFO] PluginManage:359 - Loaded plugin lpbam (category:base,tabindex:0)
2024-04-29 17:35:09,394 [INFO] PluginManage:310 - Check plugin memorymap
2024-04-29 17:35:09,403 [INFO] PluginManage:359 - Loaded plugin memorymap (category:base,tabindex:4)
2024-04-29 17:35:09,403 [INFO] PluginManage:310 - Check plugin pinoutandconfiguration
2024-04-29 17:35:09,409 [INFO] PluginManage:359 - Loaded plugin pinoutandconfiguration (category:base,tabindex:1)
2024-04-29 17:35:09,409 [INFO] PluginManage:310 - Check plugin pinoutconfig
2024-04-29 17:35:09,487 [WARN] SupportedApi:132 - Cannot load RTOS API schema: s4s-elt-must-match.1: The content of 'definitions' must match (annotation?, (simpleType | complexType)?, (unique | key | keyref)*)). A problem was found starting at: attribute.
2024-04-29 17:35:09,623 [INFO] PluginManage:359 - Loaded plugin pinoutconfig (category:base,tabindex:0)
2024-04-29 17:35:09,624 [INFO] PluginManage:310 - Check plugin power
2024-04-29 17:35:09,632 [INFO] PluginManage:359 - Loaded plugin power (category:power,tabindex:4)
2024-04-29 17:35:09,633 [INFO] PluginManage:310 - Check plugin projectmanager
2024-04-29 17:35:09,648 [INFO] PluginManage:359 - Loaded plugin projectmanager (category:projectmanager,tabindex:3)
2024-04-29 17:35:09,648 [INFO] PluginManage:310 - Check plugin thirdparty
2024-04-29 17:35:09,757 [INFO] PluginManage:359 - Loaded plugin thirdparty (category:base,tabindex:-1)
2024-04-29 17:35:09,757 [WARN] IntegrityCheckThread:84 - waiting for thirdparty lock release [integrity check]
2024-04-29 17:35:09,757 [INFO] PluginManage:310 - Check plugin tools
2024-04-29 17:35:09,758 [INFO] IntegrityCheckThread:86 - entering critical section [integrity check]
2024-04-29 17:35:09,758 [INFO] ThirdPartyUpdaterWithRetryManager:70 - Updater plugin not ready yet. [1/15]
2024-04-29 17:35:09,761 [INFO] PluginManage:359 - Loaded plugin tools (category:base,tabindex:7)
2024-04-29 17:35:09,761 [INFO] PluginManage:310 - Check plugin tutovideos
2024-04-29 17:35:09,893 [INFO] PluginManage:359 - Loaded plugin tutovideos (category:base,tabindex:-1)
2024-04-29 17:35:09,894 [INFO] PluginManage:310 - Check plugin updater
2024-04-29 17:35:09,901 [INFO] PluginManage:359 - Loaded plugin updater (category:base,tabindex:12)
2024-04-29 17:35:09,901 [INFO] PluginManage:310 - Check plugin userauth
2024-04-29 17:35:09,905 [INFO] UserAuth:114 - Init User Auth plugin
2024-04-29 17:35:09,905 [INFO] PluginManage:359 - Loaded plugin userauth (category:base,tabindex:14)
2024-04-29 17:35:09,906 [INFO] PluginManage:283 - PluginManage : Loaded plugins [17]
2024-04-29 17:35:10,086 [INFO] PinOutPanel:1561 - setPackage(No Configuration,No Configuration)
2024-04-29 17:35:10,163 [INFO] CADModel:165 - CPN selected for project level
2024-04-29 17:35:10,163 [INFO] CADModel:114 - Register for checkConnection events
2024-04-29 17:35:10,178 [INFO] IPUIPlugin:80 - create IPUIPlugin
2024-04-29 17:35:10,178 [INFO] PluginManager:220 - loadIPPluginJar : add adc
2024-04-29 17:35:10,181 [INFO] IPUIPlugin:80 - create IPUIPlugin
2024-04-29 17:35:10,182 [INFO] PluginManager:220 - loadIPPluginJar : add aes
2024-04-29 17:35:10,185 [INFO] IPUIPlugin:80 - create IPUIPlugin
2024-04-29 17:35:10,185 [INFO] PluginManager:220 - loadIPPluginJar : add can
2024-04-29 17:35:10,187 [INFO] IPUIPlugin:80 - create IPUIPlugin
2024-04-29 17:35:10,187 [INFO] PluginManager:220 - loadIPPluginJar : add comp
2024-04-29 17:35:10,190 [INFO] IPUIPlugin:80 - create IPUIPlugin
2024-04-29 17:35:10,190 [INFO] PluginManager:220 - loadIPPluginJar : add cryp
2024-04-29 17:35:10,193 [INFO] IPUIPlugin:80 - create IPUIPlugin
2024-04-29 17:35:10,193 [INFO] PluginManager:220 - loadIPPluginJar : add dfsdm
2024-04-29 17:35:10,200 [INFO] IPUIPlugin:80 - create IPUIPlugin
2024-04-29 17:35:10,200 [INFO] PluginManager:220 - loadIPPluginJar : add dma
2024-04-29 17:35:10,203 [INFO] IPUIPlugin:80 - create IPUIPlugin
2024-04-29 17:35:10,203 [INFO] PluginManager:220 - loadIPPluginJar : add dma3
2024-04-29 17:35:10,206 [INFO] IPUIPlugin:80 - create IPUIPlugin
2024-04-29 17:35:10,206 [INFO] PluginManager:220 - loadIPPluginJar : add extmemmanager
2024-04-29 17:35:10,208 [INFO] IPUIPlugin:80 - create IPUIPlugin
2024-04-29 17:35:10,208 [INFO] PluginManager:220 - loadIPPluginJar : add fatfs
2024-04-29 17:35:10,214 [INFO] IPUIPlugin:80 - create IPUIPlugin
2024-04-29 17:35:10,214 [INFO] PluginManager:220 - loadIPPluginJar : add fmc
2024-04-29 17:35:10,219 [INFO] IPUIPlugin:80 - create IPUIPlugin
2024-04-29 17:35:10,219 [INFO] PluginManager:220 - loadIPPluginJar : add freertos
2024-04-29 17:35:10,221 [INFO] IPUIPlugin:80 - create IPUIPlugin
2024-04-29 17:35:10,221 [INFO] PluginManager:220 - loadIPPluginJar : add genericplugin
2024-04-29 17:35:10,223 [INFO] IPUIPlugin:80 - create IPUIPlugin
2024-04-29 17:35:10,223 [INFO] PluginManager:220 - loadIPPluginJar : add gfxmmu
2024-04-29 17:35:10,227 [INFO] IPUIPlugin:80 - create IPUIPlugin
2024-04-29 17:35:10,228 [INFO] PluginManager:220 - loadIPPluginJar : add gic
2024-04-29 17:35:10,231 [INFO] IPUIPlugin:80 - create IPUIPlugin
2024-04-29 17:35:10,231 [INFO] PluginManager:220 - loadIPPluginJar : add gpio
2024-04-29 17:35:10,234 [INFO] IPUIPlugin:80 - create IPUIPlugin
2024-04-29 17:35:10,234 [INFO] PluginManager:220 - loadIPPluginJar : add gtzc
2024-04-29 17:35:10,236 [INFO] IPUIPlugin:80 - create IPUIPlugin
2024-04-29 17:35:10,236 [INFO] PluginManager:220 - loadIPPluginJar : add hash
2024-04-29 17:35:10,238 [INFO] IPUIPlugin:80 - create IPUIPlugin
2024-04-29 17:35:10,238 [INFO] PluginManager:220 - loadIPPluginJar : add i2c
2024-04-29 17:35:10,241 [INFO] IPUIPlugin:80 - create IPUIPlugin
2024-04-29 17:35:10,242 [INFO] PluginManager:220 - loadIPPluginJar : add i2s
2024-04-29 17:35:10,244 [INFO] IPUIPlugin:80 - create IPUIPlugin
2024-04-29 17:35:10,244 [INFO] PluginManager:220 - loadIPPluginJar : add i3c
2024-04-29 17:35:10,247 [INFO] IPUIPlugin:80 - create IPUIPlugin
2024-04-29 17:35:10,247 [INFO] PluginManager:220 - loadIPPluginJar : add ipddr
2024-04-29 17:35:10,253 [INFO] IPUIPlugin:80 - create IPUIPlugin
2024-04-29 17:35:10,253 [INFO] PluginManager:220 - loadIPPluginJar : add linkedlist
2024-04-29 17:35:10,256 [INFO] IPUIPlugin:80 - create IPUIPlugin
2024-04-29 17:35:10,256 [INFO] PluginManager:220 - loadIPPluginJar : add lorawan
2024-04-29 17:35:10,258 [INFO] IPUIPlugin:80 - create IPUIPlugin
2024-04-29 17:35:10,258 [INFO] PluginManager:220 - loadIPPluginJar : add ltdc
2024-04-29 17:35:10,263 [INFO] IPUIPlugin:80 - create IPUIPlugin
2024-04-29 17:35:10,263 [INFO] PluginManager:220 - loadIPPluginJar : add mdma
2024-04-29 17:35:10,266 [INFO] IPUIPlugin:80 - create IPUIPlugin
2024-04-29 17:35:10,266 [INFO] PluginManager:220 - loadIPPluginJar : add nvic
2024-04-29 17:35:10,268 [INFO] IPUIPlugin:80 - create IPUIPlugin
2024-04-29 17:35:10,269 [INFO] PluginManager:220 - loadIPPluginJar : add opamp
2024-04-29 17:35:10,271 [INFO] IPUIPlugin:80 - create IPUIPlugin
2024-04-29 17:35:10,272 [INFO] PluginManager:220 - loadIPPluginJar : add openamp
2024-04-29 17:35:10,275 [INFO] IPUIPlugin:80 - create IPUIPlugin
2024-04-29 17:35:10,275 [INFO] PluginManager:220 - loadIPPluginJar : add pdm2pcm
2024-04-29 17:35:10,281 [INFO] IPUIPlugin:80 - create IPUIPlugin
2024-04-29 17:35:10,284 [INFO] PluginManager:220 - loadIPPluginJar : add plateformsettings
2024-04-29 17:35:10,286 [INFO] IPUIPlugin:80 - create IPUIPlugin
2024-04-29 17:35:10,287 [INFO] PluginManager:220 - loadIPPluginJar : add quadspi
2024-04-29 17:35:10,289 [INFO] IPUIPlugin:80 - create IPUIPlugin
2024-04-29 17:35:10,289 [INFO] PluginManager:220 - loadIPPluginJar : add resmgrutility
2024-04-29 17:35:10,292 [INFO] IPUIPlugin:80 - create IPUIPlugin
2024-04-29 17:35:10,292 [INFO] PluginManager:220 - loadIPPluginJar : add sai
2024-04-29 17:35:10,294 [INFO] IPUIPlugin:80 - create IPUIPlugin
2024-04-29 17:35:10,295 [INFO] PluginManager:220 - loadIPPluginJar : add spi
2024-04-29 17:35:10,300 [INFO] IPUIPlugin:80 - create IPUIPlugin
2024-04-29 17:35:10,300 [INFO] PluginManager:220 - loadIPPluginJar : add stm32_wpan
2024-04-29 17:35:10,301 [INFO] IPUIPlugin:80 - create IPUIPlugin
2024-04-29 17:35:10,302 [INFO] PluginManager:220 - loadIPPluginJar : add tim
2024-04-29 17:35:10,305 [INFO] IPUIPlugin:80 - create IPUIPlugin
2024-04-29 17:35:10,305 [INFO] PluginManager:220 - loadIPPluginJar : add touchsensing
2024-04-29 17:35:10,306 [INFO] IPUIPlugin:80 - create IPUIPlugin
2024-04-29 17:35:10,307 [INFO] PluginManager:220 - loadIPPluginJar : add tracer_emb
2024-04-29 17:35:10,308 [INFO] IPUIPlugin:80 - create IPUIPlugin
2024-04-29 17:35:10,308 [INFO] PluginManager:220 - loadIPPluginJar : add ts
2024-04-29 17:35:10,310 [INFO] IPUIPlugin:80 - create IPUIPlugin
2024-04-29 17:35:10,310 [INFO] PluginManager:220 - loadIPPluginJar : add tsc
2024-04-29 17:35:10,312 [INFO] IPUIPlugin:80 - create IPUIPlugin
2024-04-29 17:35:10,312 [INFO] PluginManager:220 - loadIPPluginJar : add ucpd
2024-04-29 17:35:10,315 [INFO] IPUIPlugin:80 - create IPUIPlugin
2024-04-29 17:35:10,315 [INFO] PluginManager:220 - loadIPPluginJar : add usart
2024-04-29 17:35:10,318 [INFO] IPUIPlugin:80 - create IPUIPlugin
2024-04-29 17:35:10,318 [INFO] PluginManager:220 - loadIPPluginJar : add usbx
2024-04-29 17:35:10,448 [INFO] CADModel:165 - CPN selected for project level
2024-04-29 17:35:10,449 [INFO] CADModel:114 - Register for checkConnection events
2024-04-29 17:35:10,449 [FATAL] Updater:308 - Updater called before beeing initialized
2024-04-29 17:35:10,449 [ERROR] CADModel:125 - Updater not yet initialized, retry later 
2024-04-29 17:35:10,569 [INFO] CADModel:165 - CPN selected for project level
2024-04-29 17:35:10,569 [INFO] CADModel:114 - Register for checkConnection events
2024-04-29 17:35:10,569 [FATAL] Updater:308 - Updater called before beeing initialized
2024-04-29 17:35:10,569 [ERROR] CADModel:125 - Updater not yet initialized, retry later 
2024-04-29 17:35:10,571 [FATAL] Updater:308 - Updater called before beeing initialized
2024-04-29 17:35:10,687 [FATAL] Updater:308 - Updater called before beeing initialized
2024-04-29 17:35:10,691 [INFO] DbMcusAds:53 - JSON generation date=Wed Nov 29 11:52:27 CET 2023 (1701255147349)
2024-04-29 17:35:10,691 [FATAL] Updater:308 - Updater called before beeing initialized
2024-04-29 17:35:10,723 [WARN] DetailPanel:346 - Failed to get advertising image, set to default
2024-04-29 17:35:10,809 [FATAL] Updater:308 - Updater called before beeing initialized
2024-04-29 17:35:10,810 [FATAL] Updater:308 - Updater called before beeing initialized
2024-04-29 17:35:10,811 [FATAL] Updater:308 - Updater called before beeing initialized
2024-04-29 17:35:10,811 [WARN] DetailPanel:346 - Failed to get advertising image, set to default
2024-04-29 17:35:10,811 [FATAL] Updater:308 - Updater called before beeing initialized
2024-04-29 17:35:10,851 [ERROR] Updater:1120 - MainUpdater not yet initialized. External WinMGr cannot be set.
2024-04-29 17:35:10,852 [INFO] Updater:1056 - Updater Version found : 6.11.1
2024-04-29 17:35:10,865 [INFO] ApplicationProperties:184 - Using Application install path: F:\Programme\STM32CubeIDE\STM32CubeIDE_1.12.1\STM32CubeIDE\plugins\com.st.stm32cube.common.mx_6.11.1.202404110753
2024-04-29 17:35:11,185 [INFO] MainUpdater:2873 - connection check result : 10
2024-04-29 17:35:11,186 [INFO] MainUpdater:290 - Updater Check For Update Now.
2024-04-29 17:35:11,186 [INFO] MicroXplorer:498 - Change Database Version : DB.6.0.111
2024-04-29 17:35:11,192 [INFO] McuFinderGlobals:63 - Set McuFinder mode to 2 (CubeIDE integrated)
2024-04-29 17:35:11,198 [INFO] UserAuth:415 - Internet connection configuration mode: 1
2024-04-29 17:35:11,213 [INFO] JxBrowserEngine:152 - Initiate JxBrowser Engine with user profile folder
2024-04-29 17:35:11,392 [INFO] CheckServerUpdateThread:120 - End of CheckServer Thread
2024-04-29 17:35:11,863 [INFO] WebApp:161 - Instantiating new browser for Auth
2024-04-29 17:35:12,401 [INFO] WebApp:779 - Register for checkConnection events
2024-04-29 17:35:12,401 [INFO] WebApp:414 - Apply proxy settings
2024-04-29 17:35:12,402 [INFO] WebApp:499 - Chromium requires no authentication
2024-04-29 17:35:12,407 [INFO] WebApp:442 - Direct internet connection detected
2024-04-29 17:35:12,544 [INFO] WebApp:192 - Starting web application
2024-04-29 17:35:12,544 [INFO] WebApp:544 - Web application path used F:\Programme\STM32CubeIDE\STM32CubeIDE_1.12.1\STM32CubeIDE\plugins\com.st.stm32cube.common.mx_6.11.1.202404110753\db\plugins\mcufinder\reactClient1\index.html
2024-04-29 17:35:13,002 [WARN] PackLoader:240 - Cannot read IP mode file for STMicroelectronics.FP-SNS-MOTENVWB1.1.4.0
2024-04-29 17:35:13,014 [WARN] PackLoader:240 - Cannot read IP mode file for STMicroelectronics.X-CUBE-SMBUS.2.1.0
2024-04-29 17:35:13,019 [WARN] PackLoader:240 - Cannot read IP mode file for STMicroelectronics.X-CUBE-TOUCHGFX.4.23.1
2024-04-29 17:35:13,021 [WARN] PackLoader:240 - Cannot read IP mode file for STMicroelectronics.X-CUBE-TOUCHGFX.4.23.2
2024-04-29 17:35:13,054 [WARN] PackLoader:240 - Cannot read IP mode file for STMicroelectronics.X-CUBE-AZRTOS-F7.1.1.0
2024-04-29 17:35:13,063 [ERROR] RealEvaluatedCondition:428 - Found unsupported composite condition: GROUP='STM32_MetaDataManager' CLASS='Data Exchange'
2024-04-29 17:35:13,063 [ERROR] RealEvaluatedCondition:428 - Found unsupported composite condition: GROUP='STM32_MetaDataManager' CLASS='Data Exchange'
2024-04-29 17:35:13,066 [WARN] PackLoader:240 - Cannot read IP mode file for STMicroelectronics.FP-SNS-MOTENV1.4.3.0
2024-04-29 17:35:13,075 [WARN] PackLoader:240 - Cannot read IP mode file for STMicroelectronics.FP-SNS-MOTENV1.4.3.2
2024-04-29 17:35:13,081 [WARN] PackLoader:240 - Cannot read IP mode file for STMicroelectronics.FP-SNS-FLIGHT1.5.0.0
2024-04-29 17:35:13,085 [ERROR] RealEvaluatedCondition:428 - Found unsupported composite condition: CLASS='Data Exchange' GROUP='STM32_MetaDataManager'
2024-04-29 17:35:13,085 [ERROR] RealEvaluatedCondition:428 - Found unsupported composite condition: GROUP='STM32_MetaDataManager' CLASS='Data Exchange'
2024-04-29 17:35:13,087 [WARN] PackLoader:240 - Cannot read IP mode file for STMicroelectronics.FP-SNS-MOTENV1.4.3.1
2024-04-29 17:35:13,093 [WARN] PackLoader:240 - Cannot read IP mode file for STMicroelectronics.FP-SNS-FLIGHT1.5.0.1
2024-04-29 17:35:13,101 [WARN] PackLoader:240 - Cannot read IP mode file for STMicroelectronics.X-CUBE-BLE1.6.2.4
2024-04-29 17:35:13,105 [WARN] PackLoader:240 - Cannot read IP mode file for STMicroelectronics.FP-SNS-FLIGHT1.5.0.2
2024-04-29 17:35:13,114 [WARN] PackLoader:240 - Cannot read IP mode file for STMicroelectronics.X-CUBE-DISPLAY.3.0.0
2024-04-29 17:35:13,124 [WARN] PackLoader:240 - Cannot read IP mode file for STMicroelectronics.X-CUBE-BLE1.7.0.0
2024-04-29 17:35:13,130 [WARN] PackLoader:240 - Cannot read IP mode file for emotas.I-CUBE-CANOPEN.1.3.0
2024-04-29 17:35:13,133 [WARN] PackLoader:240 - Cannot read IP mode file for STMicroelectronics.X-CUBE-TOUCHGFX.4.22.0
2024-04-29 17:35:13,136 [WARN] PackLoader:240 - Cannot read IP mode file for STMicroelectronics.X-CUBE-TOUCHGFX.4.22.1
2024-04-29 17:35:13,151 [WARN] PackLoader:240 - Cannot read IP mode file for STMicroelectronics.X-CUBE-BLEMGR.3.1.0
2024-04-29 17:35:13,161 [WARN] PackLoader:240 - Cannot read IP mode file for STMicroelectronics.FP-SNS-SMARTAG2.1.2.0
2024-04-29 17:35:13,171 [INFO] LogOutputStream:77 - [STDOUT_REDIRECT] 1 : Invalid condition id : UX_CORESTACK_Condition cause : null
2024-04-29 17:35:13,172 [INFO] LogOutputStream:77 - [STDOUT_REDIRECT] 1 : Invalid condition id : UX_CORESTACK_Condition cause : null
2024-04-29 17:35:13,173 [INFO] LogOutputStream:77 - [STDOUT_REDIRECT] 1 : Invalid condition id : UX_CORESTACK_Condition cause : null
2024-04-29 17:35:13,175 [INFO] LogOutputStream:77 - [STDOUT_REDIRECT] 1 : Invalid condition id : UX_CORESTACK_Condition cause : null
2024-04-29 17:35:13,176 [INFO] LogOutputStream:77 - [STDOUT_REDIRECT] 1 : Invalid condition id : UX_CORESTACK_Condition cause : null
2024-04-29 17:35:13,182 [WARN] PackLoader:240 - Cannot read IP mode file for STMicroelectronics.X-CUBE-AZRTOS-WL.2.0.0
2024-04-29 17:35:13,188 [WARN] PackLoader:240 - Cannot read IP mode file for STMicroelectronics.FP-SNS-MOTENV1.5.0.0
2024-04-29 17:35:13,199 [WARN] PackLoader:240 - Cannot read IP mode file for WES.I-CUBE-Cesium.1.3.0
2024-04-29 17:35:13,203 [WARN] PackLoader:240 - Cannot read IP mode file for STMicroelectronics.X-CUBE-BLE2.3.3.0
2024-04-29 17:35:13,210 [WARN] PackLoader:240 - Cannot read IP mode file for STMicroelectronics.X-CUBE-TCPP.4.1.0
2024-04-29 17:35:13,214 [WARN] PackLoader:240 - Cannot read IP mode file for STMicroelectronics.X-CUBE-TOUCHGFX.4.21.3
2024-04-29 17:35:13,217 [WARN] PackLoader:240 - Cannot read IP mode file for STMicroelectronics.X-CUBE-TOUCHGFX.4.21.4
2024-04-29 17:35:13,223 [WARN] PackLoader:240 - Cannot read IP mode file for STMicroelectronics.X-CUBE-ALGOBUILD.1.3.0
2024-04-29 17:35:13,237 [WARN] PackLoader:240 - Cannot read IP mode file for STMicroelectronics.X-CUBE-AZRTOS-G0.1.1.0
2024-04-29 17:35:13,251 [WARN] PackLoader:240 - Cannot read IP mode file for STMicroelectronics.X-CUBE-SAFEA1.1.2.2
2024-04-29 17:35:13,267 [WARN] PackLoader:240 - Cannot read IP mode file for STMicroelectronics.X-CUBE-NFC4.3.0.0
2024-04-29 17:35:13,278 [WARN] PackLoader:240 - Cannot read IP mode file for STMicroelectronics.X-CUBE-BLEMGR.3.0.0
2024-04-29 17:35:13,287 [WARN] PackLoader:240 - Cannot read IP mode file for wolfSSL.I-CUBE-wolfSSL.5.7.0
2024-04-29 17:35:13,295 [WARN] PackLoader:240 - Cannot read IP mode file for STMicroelectronics.FP-ATR-SIGFOX1.3.2.0
2024-04-29 17:35:13,303 [WARN] PackLoader:240 - Cannot read IP mode file for STMicroelectronics.X-CUBE-EEPRMA1.5.1.0
2024-04-29 17:35:13,311 [WARN] PackLoader:240 - Cannot read IP mode file for ITTIA_DB.I-CUBE-ITTIADB.8.9.0
2024-04-29 17:35:13,338 [WARN] PackLoader:240 - Cannot read IP mode file for SEGGER.I-CUBE-embOS.1.3.1
2024-04-29 17:35:13,369 [WARN] PackLoader:240 - Cannot read IP mode file for STMicroelectronics.X-CUBE-GNSS1.6.0.0
2024-04-29 17:35:13,382 [WARN] PackLoader:240 - Cannot read IP mode file for STMicroelectronics.X-CUBE-AZRTOS-F4.1.1.0
2024-04-29 17:35:13,386 [WARN] PackLoader:240 - Cannot read IP mode file for wolfSSL.I-CUBE-wolfSSL.5.6.0
2024-04-29 17:35:13,391 [WARN] PackLoader:240 - Cannot read IP mode file for STMicroelectronics.X-CUBE-FREERTOS.1.2.0
2024-04-29 17:35:13,403 [WARN] PackLoader:240 - Cannot read IP mode file for STMicroelectronics.X-CUBE-AZRTOS-L5.2.0.0
2024-04-29 17:35:13,454 [WARN] PackLoader:240 - Cannot read IP mode file for STMicroelectronics.X-CUBE-MEMS1.9.6.0
2024-04-29 17:35:13,587 [WARN] PackLoader:240 - Cannot read IP mode file for STMicroelectronics.X-CUBE-EEPRMA1.4.2.0
2024-04-29 17:35:13,595 [WARN] PackLoader:240 - Cannot read IP mode file for STMicroelectronics.X-CUBE-NFC6.3.1.0
2024-04-29 17:35:13,600 [WARN] PackLoader:240 - Cannot read IP mode file for ITTIA_DB.I-CUBE-ITTIADB.8.8.0
2024-04-29 17:35:13,604 [WARN] PackLoader:240 - Cannot read IP mode file for emotas.I-CUBE-CANOPEN.1.1.3
2024-04-29 17:35:13,611 [WARN] PackLoader:240 - Cannot read IP mode file for STMicroelectronics.X-CUBE-BLEMGR.2.0.0
2024-04-29 17:35:13,616 [WARN] PackLoader:240 - Cannot read IP mode file for STMicroelectronics.X-CUBE-AI.9.0.0
2024-04-29 17:35:13,629 [WARN] ConditionMgr:438 - getConditionDescription Invalid condition id : UX DEVICE CLASS RTOS Condition cause : null
2024-04-29 17:35:13,629 [WARN] ConditionMgr:438 - getConditionDescription Invalid condition id : UX DEVICE CLASS RTOS Condition cause : null
2024-04-29 17:35:13,632 [WARN] PackLoader:240 - Cannot read IP mode file for STMicroelectronics.X-CUBE-AZRTOS-H7.3.1.0
2024-04-29 17:35:13,633 [WARN] ConditionMgr:1039 - genDependencies : Invalid condition id : UX DEVICE CLASS RTOS Condition cause : null
2024-04-29 17:35:13,633 [WARN] ConditionMgr:1039 - genDependencies : Invalid condition id : UX DEVICE CLASS RTOS Condition cause : null
2024-04-29 17:35:13,633 [WARN] ConditionMgr:1039 - genDependencies : Invalid condition id : UX DEVICE CLASS RTOS Condition cause : null
2024-04-29 17:35:13,634 [WARN] ConditionMgr:1039 - genDependencies : Invalid condition id : UX DEVICE CLASS RTOS Condition cause : null
2024-04-29 17:35:13,634 [WARN] ConditionMgr:1039 - genDependencies : Invalid condition id : UX DEVICE CLASS RTOS Condition cause : null
2024-04-29 17:35:13,639 [WARN] PackLoader:240 - Cannot read IP mode file for STMicroelectronics.X-CUBE-NFC7.1.0.1
2024-04-29 17:35:13,643 [WARN] PackLoader:240 - Cannot read IP mode file for STMicroelectronics.X-CUBE-NFC7.1.0.0
2024-04-29 17:35:13,648 [WARN] PackLoader:240 - Cannot read IP mode file for STMicroelectronics.X-CUBE-NFC6.3.0.0
2024-04-29 17:35:13,652 [WARN] PackLoader:240 - Cannot read IP mode file for STMicroelectronics.X-CUBE-EEPRMA1.4.1.0
2024-04-29 17:35:13,656 [WARN] PackLoader:240 - Cannot read IP mode file for STMicroelectronics.X-CUBE-AI.8.1.0
2024-04-29 17:35:13,670 [WARN] ConditionMgr:438 - getConditionDescription Invalid condition id : LAN8742 Phy interface Condition cause : null
2024-04-29 17:35:13,670 [WARN] PackLoader:240 - Cannot read IP mode file for STMicroelectronics.X-CUBE-AZRTOS-L4.2.0.0
2024-04-29 17:35:13,671 [WARN] ConditionMgr:1039 - genDependencies : Invalid condition id : LAN8742 Phy interface Condition cause : null
2024-04-29 17:35:13,672 [WARN] ConditionMgr:1039 - genDependencies : Invalid condition id : LAN8742 Phy interface Condition cause : null
2024-04-29 17:35:13,672 [WARN] ConditionMgr:1039 - genDependencies : Invalid condition id : LAN8742 Phy interface Condition cause : null
2024-04-29 17:35:13,680 [WARN] PackLoader:240 - Cannot read IP mode file for STMicroelectronics.X-CUBE-SFXS2LP1.4.0.0
2024-04-29 17:35:13,686 [WARN] PackLoader:240 - Cannot read IP mode file for STMicroelectronics.X-CUBE-ISPU.1.1.0
2024-04-29 17:35:13,689 [WARN] PackLoader:240 - Cannot read IP mode file for STMicroelectronics.X-CUBE-AI.8.0.0
2024-04-29 17:35:13,705 [WARN] ConditionMgr:438 - getConditionDescription Invalid condition id : UX DEVICE CLASS RTOS Condition cause : null
2024-04-29 17:35:13,706 [WARN] ConditionMgr:438 - getConditionDescription Invalid condition id : UX DEVICE CLASS RTOS Condition cause : null
2024-04-29 17:35:13,708 [WARN] PackLoader:240 - Cannot read IP mode file for STMicroelectronics.X-CUBE-AZRTOS-WB.2.0.0
2024-04-29 17:35:13,708 [WARN] ConditionMgr:1039 - genDependencies : Invalid condition id : UX DEVICE CLASS RTOS Condition cause : null
2024-04-29 17:35:13,708 [WARN] ConditionMgr:1039 - genDependencies : Invalid condition id : UX DEVICE CLASS RTOS Condition cause : null
2024-04-29 17:35:13,708 [WARN] ConditionMgr:1039 - genDependencies : Invalid condition id : UX DEVICE CLASS RTOS Condition cause : null
2024-04-29 17:35:13,708 [WARN] ConditionMgr:1039 - genDependencies : Invalid condition id : UX DEVICE CLASS RTOS Condition cause : null
2024-04-29 17:35:13,709 [WARN] ConditionMgr:1039 - genDependencies : Invalid condition id : UX DEVICE CLASS RTOS Condition cause : null
2024-04-29 17:35:13,712 [WARN] PackLoader:240 - Cannot read IP mode file for STMicroelectronics.X-CUBE-FREERTOS.1.0.1
2024-04-29 17:35:13,720 [WARN] PackLoader:240 - Cannot read IP mode file for STMicroelectronics.X-CUBE-AZRTOS-L5.1.1.0
2024-04-29 17:35:13,725 [WARN] PackLoader:240 - Cannot read IP mode file for STMicroelectronics.X-CUBE-AI.8.0.1
2024-04-29 17:35:13,733 [WARN] PackLoader:240 - Cannot read IP mode file for STMicroelectronics.X-CUBE-SUBG2.5.0.0
2024-04-29 17:35:13,868 [WARN] PackLoader:240 - Cannot read IP mode file for STMicroelectronics.X-CUBE-TOF1.3.3.1
2024-04-29 17:35:13,885 [WARN] PackLoader:240 - Cannot read IP mode file for STMicroelectronics.X-CUBE-AZRTOS-G4.2.0.0
2024-04-29 17:35:13,892 [WARN] PackLoader:240 - Cannot read IP mode file for STMicroelectronics.X-CUBE-TOF1.3.3.0
2024-04-29 17:35:13,905 [WARN] PackLoader:240 - Cannot read IP mode file for Infineon.AIROC-Wi-Fi-Bluetooth-STM32.1.5.1
2024-04-29 17:35:13,911 [WARN] PackLoader:240 - Cannot read IP mode file for STMicroelectronics.FP-SNS-MOTENVWB1.1.3.0
2024-04-29 17:35:13,914 [WARN] PackLoader:240 - Cannot read IP mode file for STMicroelectronics.FP-SNS-MOTENVWB1.1.3.1
2024-04-29 17:35:13,925 [WARN] PackLoader:240 - Cannot read IP mode file for STMicroelectronics.X-CUBE-AZRTOS-L4.1.0.0
2024-04-29 17:35:13,931 [WARN] PackLoader:240 - Cannot read IP mode file for STMicroelectronics.X-CUBE-ISPU.2.0.0
2024-04-29 17:35:13,967 [WARN] PackLoader:240 - Cannot read IP mode file for STMicroelectronics.X-CUBE-MEMS1.10.0.0
2024-04-29 17:35:14,059 [WARN] PackLoader:240 - Cannot read IP mode file for STMicroelectronics.X-CUBE-FREERTOS.1.1.0
2024-04-29 17:35:14,068 [WARN] PackLoader:240 - Cannot read IP mode file for STMicroelectronics.X-CUBE-AZRTOS-WL.1.0.0
2024-04-29 17:35:14,074 [WARN] PackLoader:240 - Cannot read IP mode file for portGmbH.I-Cube-SoM-uGOAL.1.1.0
2024-04-29 17:35:14,078 [WARN] PackLoader:240 - Cannot read IP mode file for STMicroelectronics.X-CUBE-ALS.1.0.1
2024-04-29 17:35:14,087 [WARN] PackLoader:240 - Cannot read IP mode file for STMicroelectronics.X-CUBE-AZRTOS-WB.1.1.0
2024-04-29 17:35:14,100 [WARN] PackLoader:240 - Cannot read IP mode file for STMicroelectronics.X-CUBE-AZRTOS-H7RS.1.0.0
2024-04-29 17:35:14,106 [WARN] PackLoader:240 - Cannot read IP mode file for STMicroelectronics.FP-ATR-ASTRA1.2.0.0
2024-04-29 17:35:14,116 [WARN] PackLoader:240 - Cannot read IP mode file for STMicroelectronics.X-CUBE-TOF1.3.4.1
2024-04-29 17:35:14,146 [WARN] PackLoader:240 - Cannot read IP mode file for STMicroelectronics.X-CUBE-AZRTOS-H7.3.2.0
2024-04-29 17:35:14,156 [WARN] PackLoader:240 - Cannot read IP mode file for Infineon.AIROC-Wi-Fi-Bluetooth-STM32.1.6.0
2024-04-29 17:35:14,159 [INFO] ThirdParty:978 - Integrity check success = true
2024-04-29 17:35:14,159 [INFO] IntegrityCheckThread:100 - exiting critical section [integrity check]
2024-04-29 17:35:14,159 [INFO] IntegrityCheckThread:103 - End integrity checks thread
2024-04-29 17:35:17,666 [ERROR] LogOutputStream:75 - [STDERR_REDIRECT] 
